<?xml version="1.0" encoding="UTF-8"?>
<testng-results skipped="1" failed="1" total="7" passed="5">
  <reporter-output>
  </reporter-output>
  <suite name="GuruBankApplicationTestSuite" duration-ms="200724" started-at="2021-02-05T08:58:24Z" finished-at="2021-02-05T09:01:44Z">
    <groups>
    </groups>
    <test name="GuruBankTestCases" duration-ms="200724" started-at="2021-02-05T08:58:24Z" finished-at="2021-02-05T09:01:44Z">
      <class name="testscripts.LoginPage_Test">
        <test-method status="PASS" signature="SetUp()[pri:0, instance:testscripts.LoginPage_Test@d041cf]" name="SetUp" is-config="true" duration-ms="34896" started-at="2021-02-05T14:28:24Z" finished-at="2021-02-05T14:28:59Z">
          <reporter-output>
          </reporter-output>
        </test-method> <!-- SetUp -->
        <test-method status="PASS" signature="Loginpage_Title_Test()[pri:0, instance:testscripts.LoginPage_Test@d041cf]" name="Loginpage_Title_Test" duration-ms="177" started-at="2021-02-05T14:28:59Z" finished-at="2021-02-05T14:28:59Z">
          <reporter-output>
          </reporter-output>
        </test-method> <!-- Loginpage_Title_Test -->
        <test-method status="PASS" signature="TearDown()[pri:0, instance:testscripts.LoginPage_Test@d041cf]" name="TearDown" is-config="true" duration-ms="1040" started-at="2021-02-05T14:28:59Z" finished-at="2021-02-05T14:29:00Z">
          <reporter-output>
          </reporter-output>
        </test-method> <!-- TearDown -->
        <test-method status="PASS" signature="SetUp()[pri:0, instance:testscripts.LoginPage_Test@d041cf]" name="SetUp" is-config="true" duration-ms="8973" started-at="2021-02-05T14:29:00Z" finished-at="2021-02-05T14:29:09Z">
          <reporter-output>
          </reporter-output>
        </test-method> <!-- SetUp -->
        <test-method status="PASS" signature="Loginpage_Logo_Test()[pri:0, instance:testscripts.LoginPage_Test@d041cf]" name="Loginpage_Logo_Test" duration-ms="127" started-at="2021-02-05T14:29:09Z" finished-at="2021-02-05T14:29:09Z">
          <reporter-output>
          </reporter-output>
        </test-method> <!-- Loginpage_Logo_Test -->
        <test-method status="PASS" signature="TearDown()[pri:0, instance:testscripts.LoginPage_Test@d041cf]" name="TearDown" is-config="true" duration-ms="782" started-at="2021-02-05T14:29:09Z" finished-at="2021-02-05T14:29:10Z">
          <reporter-output>
          </reporter-output>
        </test-method> <!-- TearDown -->
        <test-method status="PASS" signature="SetUp()[pri:0, instance:testscripts.LoginPage_Test@d041cf]" name="SetUp" is-config="true" duration-ms="10333" started-at="2021-02-05T14:29:10Z" finished-at="2021-02-05T14:29:20Z">
          <reporter-output>
          </reporter-output>
        </test-method> <!-- SetUp -->
        <test-method status="FAIL" signature="Login_Test()[pri:0, instance:testscripts.LoginPage_Test@d041cf]" name="Login_Test" duration-ms="21146" started-at="2021-02-05T14:29:20Z" finished-at="2021-02-05T14:29:41Z">
          <exception class="org.openqa.selenium.TimeoutException">
            <message>
              <![CDATA[timeout: Timed out receiving message from renderer: 20.000
  (Session info: chrome=88.0.4324.146)
Build info: version: '3.141.59', revision: 'e82be7d358', time: '2018-11-14T08:17:03'
System info: host: 'DESKTOP-GMLKCM3', ip: '192.168.1.4', os.name: 'Windows 10', os.arch: 'amd64', os.version: '10.0', java.version: '1.8.0_162'
Driver info: org.openqa.selenium.chrome.ChromeDriver
Capabilities {acceptInsecureCerts: false, browserName: chrome, browserVersion: 88.0.4324.146, chrome: {chromedriverVersion: 88.0.4324.96 (68dba2d8a0b14..., userDataDir: C:\Users\BISWA\AppData\Loca...}, goog:chromeOptions: {debuggerAddress: localhost:52815}, javascriptEnabled: true, networkConnectionEnabled: false, pageLoadStrategy: normal, platform: WINDOWS, platformName: WINDOWS, proxy: Proxy(), setWindowRect: true, strictFileInteractability: false, timeouts: {implicit: 0, pageLoad: 300000, script: 30000}, unhandledPromptBehavior: dismiss and notify, webauthn:extension:largeBlob: true, webauthn:virtualAuthenticators: true}
Session ID: a9a5daf821f7b1c5cbc36b18f233cc52]]>
            </message>
            <full-stacktrace>
              <![CDATA[org.openqa.selenium.TimeoutException: timeout: Timed out receiving message from renderer: 20.000
  (Session info: chrome=88.0.4324.146)
Build info: version: '3.141.59', revision: 'e82be7d358', time: '2018-11-14T08:17:03'
System info: host: 'DESKTOP-GMLKCM3', ip: '192.168.1.4', os.name: 'Windows 10', os.arch: 'amd64', os.version: '10.0', java.version: '1.8.0_162'
Driver info: org.openqa.selenium.chrome.ChromeDriver
Capabilities {acceptInsecureCerts: false, browserName: chrome, browserVersion: 88.0.4324.146, chrome: {chromedriverVersion: 88.0.4324.96 (68dba2d8a0b14..., userDataDir: C:\Users\BISWA\AppData\Loca...}, goog:chromeOptions: {debuggerAddress: localhost:52815}, javascriptEnabled: true, networkConnectionEnabled: false, pageLoadStrategy: normal, platform: WINDOWS, platformName: WINDOWS, proxy: Proxy(), setWindowRect: true, strictFileInteractability: false, timeouts: {implicit: 0, pageLoad: 300000, script: 30000}, unhandledPromptBehavior: dismiss and notify, webauthn:extension:largeBlob: true, webauthn:virtualAuthenticators: true}
Session ID: a9a5daf821f7b1c5cbc36b18f233cc52
	at sun.reflect.NativeConstructorAccessorImpl.newInstance0(Native Method)
	at sun.reflect.NativeConstructorAccessorImpl.newInstance(Unknown Source)
	at sun.reflect.DelegatingConstructorAccessorImpl.newInstance(Unknown Source)
	at java.lang.reflect.Constructor.newInstance(Unknown Source)
	at org.openqa.selenium.remote.http.W3CHttpResponseCodec.createException(W3CHttpResponseCodec.java:187)
	at org.openqa.selenium.remote.http.W3CHttpResponseCodec.decode(W3CHttpResponseCodec.java:122)
	at org.openqa.selenium.remote.http.W3CHttpResponseCodec.decode(W3CHttpResponseCodec.java:49)
	at org.openqa.selenium.remote.HttpCommandExecutor.execute(HttpCommandExecutor.java:158)
	at org.openqa.selenium.remote.service.DriverCommandExecutor.execute(DriverCommandExecutor.java:83)
	at org.openqa.selenium.remote.RemoteWebDriver.execute(RemoteWebDriver.java:552)
	at org.openqa.selenium.remote.RemoteWebDriver.executeScript(RemoteWebDriver.java:489)
	at pages.LoginPage.Login(LoginPage.java:48)
	at testscripts.LoginPage_Test.Login_Test(LoginPage_Test.java:48)
	at sun.reflect.NativeMethodAccessorImpl.invoke0(Native Method)
	at sun.reflect.NativeMethodAccessorImpl.invoke(Unknown Source)
	at sun.reflect.DelegatingMethodAccessorImpl.invoke(Unknown Source)
	at java.lang.reflect.Method.invoke(Unknown Source)
	at org.testng.internal.MethodInvocationHelper.invokeMethod(MethodInvocationHelper.java:85)
	at org.testng.internal.Invoker.invokeMethod(Invoker.java:663)
	at org.testng.internal.Invoker.invokeTestMethod(Invoker.java:849)
	at org.testng.internal.Invoker.invokeTestMethods(Invoker.java:1157)
	at org.testng.internal.TestMethodWorker.invokeTestMethods(TestMethodWorker.java:124)
	at org.testng.internal.TestMethodWorker.run(TestMethodWorker.java:108)
	at org.testng.TestRunner.privateRun(TestRunner.java:771)
	at org.testng.TestRunner.run(TestRunner.java:621)
	at org.testng.SuiteRunner.runTest(SuiteRunner.java:357)
	at org.testng.SuiteRunner.runSequentially(SuiteRunner.java:352)
	at org.testng.SuiteRunner.privateRun(SuiteRunner.java:310)
	at org.testng.SuiteRunner.run(SuiteRunner.java:259)
	at org.testng.SuiteRunnerWorker.runSuite(SuiteRunnerWorker.java:52)
	at org.testng.SuiteRunnerWorker.run(SuiteRunnerWorker.java:86)
	at org.testng.TestNG.runSuitesSequentially(TestNG.java:1200)
	at org.testng.TestNG.runSuitesLocally(TestNG.java:1125)
	at org.testng.TestNG.run(TestNG.java:1033)
	at org.testng.remote.RemoteTestNG.run(RemoteTestNG.java:111)
	at org.testng.remote.RemoteTestNG.initAndRun(RemoteTestNG.java:204)
	at org.testng.remote.RemoteTestNG.main(RemoteTestNG.java:175)
]]>
            </full-stacktrace>
          </exception> <!-- org.openqa.selenium.TimeoutException -->
          <reporter-output>
          </reporter-output>
        </test-method> <!-- Login_Test -->
        <test-method status="PASS" signature="TearDown()[pri:0, instance:testscripts.LoginPage_Test@d041cf]" name="TearDown" is-config="true" duration-ms="883" started-at="2021-02-05T14:29:41Z" finished-at="2021-02-05T14:29:42Z">
          <reporter-output>
          </reporter-output>
        </test-method> <!-- TearDown -->
      </class> <!-- testscripts.LoginPage_Test -->
      <class name="testscripts.HomePage_Test">
        <test-method status="PASS" signature="SetUp()[pri:0, instance:testscripts.HomePage_Test@58ceff1]" name="SetUp" is-config="true" duration-ms="16574" started-at="2021-02-05T14:29:42Z" finished-at="2021-02-05T14:29:59Z">
          <reporter-output>
          </reporter-output>
        </test-method> <!-- SetUp -->
        <test-method status="PASS" signature="VerifyHomePageTitleTest()[pri:0, instance:testscripts.HomePage_Test@58ceff1]" name="VerifyHomePageTitleTest" duration-ms="51" started-at="2021-02-05T14:29:59Z" finished-at="2021-02-05T14:29:59Z">
          <reporter-output>
          </reporter-output>
        </test-method> <!-- VerifyHomePageTitleTest -->
        <test-method status="PASS" signature="TearDown()[pri:0, instance:testscripts.HomePage_Test@58ceff1]" name="TearDown" is-config="true" duration-ms="813" started-at="2021-02-05T14:29:59Z" finished-at="2021-02-05T14:30:00Z">
          <reporter-output>
          </reporter-output>
        </test-method> <!-- TearDown -->
        <test-method status="PASS" signature="SetUp()[pri:0, instance:testscripts.HomePage_Test@58ceff1]" name="SetUp" is-config="true" duration-ms="14733" started-at="2021-02-05T14:30:00Z" finished-at="2021-02-05T14:30:14Z">
          <reporter-output>
          </reporter-output>
        </test-method> <!-- SetUp -->
        <test-method status="PASS" signature="VerifyAddCustomerLnkTest()[pri:0, instance:testscripts.HomePage_Test@58ceff1]" name="VerifyAddCustomerLnkTest" duration-ms="2892" started-at="2021-02-05T14:30:14Z" finished-at="2021-02-05T14:30:17Z">
          <reporter-output>
          </reporter-output>
        </test-method> <!-- VerifyAddCustomerLnkTest -->
        <test-method status="PASS" signature="TearDown()[pri:0, instance:testscripts.HomePage_Test@58ceff1]" name="TearDown" is-config="true" duration-ms="1291" started-at="2021-02-05T14:30:17Z" finished-at="2021-02-05T14:30:19Z">
          <reporter-output>
          </reporter-output>
        </test-method> <!-- TearDown -->
      </class> <!-- testscripts.HomePage_Test -->
      <class name="testscripts.NewCustomerPage_Test">
        <test-method status="PASS" signature="Setup()[pri:0, instance:testscripts.NewCustomerPage_Test@7c30a502]" name="Setup" is-config="true" duration-ms="17317" started-at="2021-02-05T14:30:19Z" finished-at="2021-02-05T14:30:36Z">
          <reporter-output>
          </reporter-output>
        </test-method> <!-- Setup -->
        <test-method status="PASS" signature="VerifyNewCustomerEntryPageTitle()[pri:0, instance:testscripts.NewCustomerPage_Test@7c30a502]" name="VerifyNewCustomerEntryPageTitle" duration-ms="11" started-at="2021-02-05T14:30:36Z" finished-at="2021-02-05T14:30:36Z">
          <reporter-output>
          </reporter-output>
        </test-method> <!-- VerifyNewCustomerEntryPageTitle -->
        <test-method status="PASS" signature="TearDown()[pri:0, instance:testscripts.NewCustomerPage_Test@7c30a502]" name="TearDown" is-config="true" duration-ms="790" started-at="2021-02-05T14:30:36Z" finished-at="2021-02-05T14:30:37Z">
          <reporter-output>
          </reporter-output>
        </test-method> <!-- TearDown -->
        <test-method status="FAIL" signature="Setup()[pri:0, instance:testscripts.NewCustomerPage_Test@7c30a502]" name="Setup" is-config="true" duration-ms="0" started-at="2021-02-05T14:30:37Z" finished-at="2021-02-05T14:30:37Z">
          <exception class="org.openqa.selenium.TimeoutException">
            <message>
              <![CDATA[timeout: Timed out receiving message from renderer: 20.000
  (Session info: chrome=88.0.4324.146)
Build info: version: '3.141.59', revision: 'e82be7d358', time: '2018-11-14T08:17:03'
System info: host: 'DESKTOP-GMLKCM3', ip: '192.168.1.4', os.name: 'Windows 10', os.arch: 'amd64', os.version: '10.0', java.version: '1.8.0_162'
Driver info: org.openqa.selenium.chrome.ChromeDriver
Capabilities {acceptInsecureCerts: false, browserName: chrome, browserVersion: 88.0.4324.146, chrome: {chromedriverVersion: 88.0.4324.96 (68dba2d8a0b14..., userDataDir: C:\Users\BISWA\AppData\Loca...}, goog:chromeOptions: {debuggerAddress: localhost:53067}, javascriptEnabled: true, networkConnectionEnabled: false, pageLoadStrategy: normal, platform: WINDOWS, platformName: WINDOWS, proxy: Proxy(), setWindowRect: true, strictFileInteractability: false, timeouts: {implicit: 0, pageLoad: 300000, script: 30000}, unhandledPromptBehavior: dismiss and notify, webauthn:extension:largeBlob: true, webauthn:virtualAuthenticators: true}
Session ID: 09ee30104d374faf1791adac3de9d7b3]]>
            </message>
            <full-stacktrace>
              <![CDATA[org.openqa.selenium.TimeoutException: timeout: Timed out receiving message from renderer: 20.000
  (Session info: chrome=88.0.4324.146)
Build info: version: '3.141.59', revision: 'e82be7d358', time: '2018-11-14T08:17:03'
System info: host: 'DESKTOP-GMLKCM3', ip: '192.168.1.4', os.name: 'Windows 10', os.arch: 'amd64', os.version: '10.0', java.version: '1.8.0_162'
Driver info: org.openqa.selenium.chrome.ChromeDriver
Capabilities {acceptInsecureCerts: false, browserName: chrome, browserVersion: 88.0.4324.146, chrome: {chromedriverVersion: 88.0.4324.96 (68dba2d8a0b14..., userDataDir: C:\Users\BISWA\AppData\Loca...}, goog:chromeOptions: {debuggerAddress: localhost:53067}, javascriptEnabled: true, networkConnectionEnabled: false, pageLoadStrategy: normal, platform: WINDOWS, platformName: WINDOWS, proxy: Proxy(), setWindowRect: true, strictFileInteractability: false, timeouts: {implicit: 0, pageLoad: 300000, script: 30000}, unhandledPromptBehavior: dismiss and notify, webauthn:extension:largeBlob: true, webauthn:virtualAuthenticators: true}
Session ID: 09ee30104d374faf1791adac3de9d7b3
	at sun.reflect.NativeConstructorAccessorImpl.newInstance0(Native Method)
	at sun.reflect.NativeConstructorAccessorImpl.newInstance(Unknown Source)
	at sun.reflect.DelegatingConstructorAccessorImpl.newInstance(Unknown Source)
	at java.lang.reflect.Constructor.newInstance(Unknown Source)
	at org.openqa.selenium.remote.http.W3CHttpResponseCodec.createException(W3CHttpResponseCodec.java:187)
	at org.openqa.selenium.remote.http.W3CHttpResponseCodec.decode(W3CHttpResponseCodec.java:122)
	at org.openqa.selenium.remote.http.W3CHttpResponseCodec.decode(W3CHttpResponseCodec.java:49)
	at org.openqa.selenium.remote.HttpCommandExecutor.execute(HttpCommandExecutor.java:158)
	at org.openqa.selenium.remote.service.DriverCommandExecutor.execute(DriverCommandExecutor.java:83)
	at org.openqa.selenium.remote.RemoteWebDriver.execute(RemoteWebDriver.java:552)
	at org.openqa.selenium.remote.RemoteWebDriver.executeScript(RemoteWebDriver.java:489)
	at pages.LoginPage.Login(LoginPage.java:48)
	at testscripts.NewCustomerPage_Test.Setup(NewCustomerPage_Test.java:29)
	at sun.reflect.NativeMethodAccessorImpl.invoke0(Native Method)
	at sun.reflect.NativeMethodAccessorImpl.invoke(Unknown Source)
	at sun.reflect.DelegatingMethodAccessorImpl.invoke(Unknown Source)
	at java.lang.reflect.Method.invoke(Unknown Source)
	at org.testng.internal.MethodInvocationHelper.invokeMethod(MethodInvocationHelper.java:85)
	at org.testng.internal.Invoker.invokeConfigurationMethod(Invoker.java:521)
	at org.testng.internal.Invoker.invokeConfigurations(Invoker.java:213)
	at org.testng.internal.Invoker.invokeMethod(Invoker.java:605)
	at org.testng.internal.Invoker.invokeTestMethod(Invoker.java:849)
	at org.testng.internal.Invoker.invokeTestMethods(Invoker.java:1157)
	at org.testng.internal.TestMethodWorker.invokeTestMethods(TestMethodWorker.java:124)
	at org.testng.internal.TestMethodWorker.run(TestMethodWorker.java:108)
	at org.testng.TestRunner.privateRun(TestRunner.java:771)
	at org.testng.TestRunner.run(TestRunner.java:621)
	at org.testng.SuiteRunner.runTest(SuiteRunner.java:357)
	at org.testng.SuiteRunner.runSequentially(SuiteRunner.java:352)
	at org.testng.SuiteRunner.privateRun(SuiteRunner.java:310)
	at org.testng.SuiteRunner.run(SuiteRunner.java:259)
	at org.testng.SuiteRunnerWorker.runSuite(SuiteRunnerWorker.java:52)
	at org.testng.SuiteRunnerWorker.run(SuiteRunnerWorker.java:86)
	at org.testng.TestNG.runSuitesSequentially(TestNG.java:1200)
	at org.testng.TestNG.runSuitesLocally(TestNG.java:1125)
	at org.testng.TestNG.run(TestNG.java:1033)
	at org.testng.remote.RemoteTestNG.run(RemoteTestNG.java:111)
	at org.testng.remote.RemoteTestNG.initAndRun(RemoteTestNG.java:204)
	at org.testng.remote.RemoteTestNG.main(RemoteTestNG.java:175)
]]>
            </full-stacktrace>
          </exception> <!-- org.openqa.selenium.TimeoutException -->
          <reporter-output>
          </reporter-output>
        </test-method> <!-- Setup -->
        <test-method status="SKIP" signature="addNewCustomer_Details()[pri:0, instance:testscripts.NewCustomerPage_Test@7c30a502]" name="addNewCustomer_Details" duration-ms="0" started-at="2021-02-05T14:31:44Z" finished-at="2021-02-05T14:31:44Z">
          <reporter-output>
          </reporter-output>
        </test-method> <!-- addNewCustomer_Details -->
        <test-method status="SKIP" signature="TearDown()[pri:0, instance:testscripts.NewCustomerPage_Test@7c30a502]" name="TearDown" is-config="true" duration-ms="0" started-at="2021-02-05T14:31:44Z" finished-at="2021-02-05T14:31:44Z">
          <reporter-output>
          </reporter-output>
        </test-method> <!-- TearDown -->
      </class> <!-- testscripts.NewCustomerPage_Test -->
    </test> <!-- GuruBankTestCases -->
  </suite> <!-- GuruBankApplicationTestSuite -->
</testng-results>
